<?xml version="1.0" encoding="utf-8"?><testsuites name="pytest tests"><testsuite name="pytest" errors="0" failures="0" skipped="0" tests="13" time="3.076" timestamp="2026-06-29T06:56:54.874596+00:00" hostname="agent-env-44d55506-350f-4d78-ad56-436edfd06f4e"><testcase classname="backend.tests.test_backend.TestHealth" name="test_root" time="0.156" /><testcase classname="backend.tests.test_backend.TestSettings" name="test_get_settings" time="0.047" /><testcase classname="backend.tests.test_backend.TestSettings" name="test_set_settings_persists" time="0.128" /><testcase classname="backend.tests.test_backend.TestSync" name="test_sync_empty_url_returns_400" time="0.136" /><testcase classname="backend.tests.test_backend.TestSync" name="test_sync_success_509" time="0.654" /><testcase classname="backend.tests.test_backend.TestOrders" name="test_list_orders" time="0.064" /><testcase classname="backend.tests.test_backend.TestOrders" name="test_search_by_order_id" time="0.043" /><testcase classname="backend.tests.test_backend.TestOrders" name="test_search_partial" time="0.044" /><testcase classname="backend.tests.test_backend.TestOrders" name="test_lookup_exact_match" time="0.044" /><testcase classname="backend.tests.test_backend.TestOrders" name="test_lookup_fuzzy_match" time="0.044" /><testcase classname="backend.tests.test_backend.TestOrders" name="test_lookup_nonexistent" time="0.043" /><testcase classname="backend.tests.test_backend.TestOcr" name="test_ocr_with_real_order_id" time="0.752" /><testcase classname="backend.tests.test_backend.TestOcr" name="test_ocr_no_id_does_not_crash" time="0.848" /></testsuite></testsuites>